0 info it worked if it ends with ok
1 verbose cli [ '/usr/bin/nodejs',
1 verbose cli   '/usr/bin/npm',
1 verbose cli   'install',
1 verbose cli   'angular-ui-router' ]
2 info using npm@1.3.10
3 info using node@v0.10.25
4 verbose cache add [ 'angular-ui-router', null ]
5 verbose cache add name=undefined spec="angular-ui-router" args=["angular-ui-router",null]
6 verbose parsed url { protocol: null,
6 verbose parsed url   slashes: null,
6 verbose parsed url   auth: null,
6 verbose parsed url   host: null,
6 verbose parsed url   port: null,
6 verbose parsed url   hostname: null,
6 verbose parsed url   hash: null,
6 verbose parsed url   search: null,
6 verbose parsed url   query: null,
6 verbose parsed url   pathname: 'angular-ui-router',
6 verbose parsed url   path: 'angular-ui-router',
6 verbose parsed url   href: 'angular-ui-router' }
7 silly lockFile ff5f9edb-angular-ui-router angular-ui-router
8 verbose lock angular-ui-router /home/yuta/.npm/ff5f9edb-angular-ui-router.lock
9 silly lockFile ff5f9edb-angular-ui-router angular-ui-router
10 silly lockFile ff5f9edb-angular-ui-router angular-ui-router
11 verbose addNamed [ 'angular-ui-router', '' ]
12 verbose addNamed [ null, '*' ]
13 silly lockFile f588af00-angular-ui-router angular-ui-router@
14 verbose lock angular-ui-router@ /home/yuta/.npm/f588af00-angular-ui-router.lock
15 silly addNameRange { name: 'angular-ui-router', range: '*', hasData: false }
16 verbose url raw angular-ui-router
17 verbose url resolving [ 'https://registry.npmjs.org/', './angular-ui-router' ]
18 verbose url resolved https://registry.npmjs.org/angular-ui-router
19 info trying registry request attempt 1 at 18:56:32
20 http GET https://registry.npmjs.org/angular-ui-router
21 http 200 https://registry.npmjs.org/angular-ui-router
22 silly registry.get cb [ 200,
22 silly registry.get   { date: 'Thu, 19 Mar 2015 09:56:34 GMT',
22 silly registry.get     server: 'CouchDB/1.5.0 (Erlang OTP/R16B03)',
22 silly registry.get     etag: '"ANMR5UAOIE9FSRX8IPHN8V06O"',
22 silly registry.get     'content-type': 'application/json',
22 silly registry.get     'cache-control': 'max-age=60',
22 silly registry.get     'content-length': '20157',
22 silly registry.get     'accept-ranges': 'bytes',
22 silly registry.get     via: '1.1 varnish',
22 silly registry.get     age: '0',
22 silly registry.get     'x-served-by': 'cache-nrt6130-NRT',
22 silly registry.get     'x-cache': 'MISS',
22 silly registry.get     'x-cache-hits': '0',
22 silly registry.get     'x-timer': 'S1426758993.376118,VS0,VE995',
22 silly registry.get     vary: 'Accept',
22 silly registry.get     'keep-alive': 'timeout=10, max=50',
22 silly registry.get     connection: 'Keep-Alive' } ]
23 silly addNameRange number 2 { name: 'angular-ui-router', range: '*', hasData: true }
24 silly addNameRange versions [ 'angular-ui-router',
24 silly addNameRange   [ '0.2.7', '0.2.8', '0.2.10', '0.2.11', '0.2.13' ] ]
25 verbose addNamed [ 'angular-ui-router', '0.2.13' ]
26 verbose addNamed [ '0.2.13', '0.2.13' ]
27 silly lockFile e6d73d75-angular-ui-router-0-2-13 angular-ui-router@0.2.13
28 verbose lock angular-ui-router@0.2.13 /home/yuta/.npm/e6d73d75-angular-ui-router-0-2-13.lock
29 silly lockFile f2214bac-ter-angular-ui-router-0-2-13-tgz https://registry.npmjs.org/angular-ui-router/-/angular-ui-router-0.2.13.tgz
30 verbose lock https://registry.npmjs.org/angular-ui-router/-/angular-ui-router-0.2.13.tgz /home/yuta/.npm/f2214bac-ter-angular-ui-router-0-2-13-tgz.lock
31 verbose addRemoteTarball [ 'https://registry.npmjs.org/angular-ui-router/-/angular-ui-router-0.2.13.tgz',
31 verbose addRemoteTarball   'ab40c2f9fef9b8626ffdb29a793426c1fedd2f29' ]
32 silly lockFile f2214bac-ter-angular-ui-router-0-2-13-tgz https://registry.npmjs.org/angular-ui-router/-/angular-ui-router-0.2.13.tgz
33 silly lockFile f2214bac-ter-angular-ui-router-0-2-13-tgz https://registry.npmjs.org/angular-ui-router/-/angular-ui-router-0.2.13.tgz
34 silly lockFile e6d73d75-angular-ui-router-0-2-13 angular-ui-router@0.2.13
35 silly lockFile e6d73d75-angular-ui-router-0-2-13 angular-ui-router@0.2.13
36 silly lockFile f588af00-angular-ui-router angular-ui-router@
37 silly lockFile f588af00-angular-ui-router angular-ui-router@
38 error Error: EACCES, mkdir '/home/yuta/tmp/npm-3887-EGe0ogwz'
38 error  { [Error: EACCES, mkdir '/home/yuta/tmp/npm-3887-EGe0ogwz']
38 error   errno: 3,
38 error   code: 'EACCES',
38 error   path: '/home/yuta/tmp/npm-3887-EGe0ogwz' }
39 error Please try running this command again as root/Administrator.
40 error System Linux 3.13.0-46-generic
41 error command "/usr/bin/nodejs" "/usr/bin/npm" "install" "angular-ui-router"
42 error cwd /home/yuta/workspace/Django/tutorial
43 error node -v v0.10.25
44 error npm -v 1.3.10
45 error path /home/yuta/tmp/npm-3887-EGe0ogwz
46 error code EACCES
47 error errno 3
48 error stack Error: EACCES, mkdir '/home/yuta/tmp/npm-3887-EGe0ogwz'
49 verbose exit [ 3, true ]
